<?xml version="1.0" encoding="UTF-8" standalone="yes"?>
<ns2:test-suite start="1607374482086" stop="1607374536302" version="1.5.4" xmlns:ns2="urn:model.allure.qatools.yandex.ru">
    <name>Suite : FlipkartTest</name>
    <title>Suite : FlipkartTest</title>
    <test-cases>
        <test-case start="1607374482173" stop="1607374536277" status="broken">
            <name>getProductResults</name>
            <title>To login with Flipkart and search by Product and Buy it</title>
            <description type="text">&lt;p&gt;Step 1: Navigate to Flipkart Web application &lt;/br&gt; Step 2:Login with valid Credentials&lt;/br&gt;Step 3: Search for the Product&lt;/p&gt;Step 4: Navigate to Product details page&lt;/p&gt;Step 5: Buy the Product and confirm payment</description>
            <failure>
                <message>WebDriverException: java.net.ConnectException: Failed to connect to localhost/0:0:0:0:0:0:0:1:15358
Build info: version: '3.141.59', revision: 'e82be7d358', time: '2018-11-14T08:17:03'
System info: host: 'GOKULAKRISHNAN', ip: '192.168.43.106', os.name: 'Windows 10', os.arch: 'amd64', os.version: '10.0', java.version: '1.8.0_111'
Driver info: driver.version: RemoteWebDriver</message>
                <stack-trace>org.openqa.selenium.WebDriverException: java.net.ConnectException: Failed to connect to localhost/0:0:0:0:0:0:0:1:15358
Build info: version: '3.141.59', revision: 'e82be7d358', time: '2018-11-14T08:17:03'
System info: host: 'GOKULAKRISHNAN', ip: '192.168.43.106', os.name: 'Windows 10', os.arch: 'amd64', os.version: '10.0', java.version: '1.8.0_111'
Driver info: driver.version: RemoteWebDriver
	at org.openqa.selenium.remote.service.DriverCommandExecutor.execute(DriverCommandExecutor.java:92)
	at org.openqa.selenium.remote.RemoteWebDriver.execute(RemoteWebDriver.java:552)
	at org.openqa.selenium.remote.RemoteWebDriver.execute(RemoteWebDriver.java:609)
	at org.openqa.selenium.remote.RemoteWebDriver.getScreenshotAs(RemoteWebDriver.java:295)
	at commons.ReusableLibrary.takeScreenshot(ReusableLibrary.java:143)
	at commons.ReusableLibrary.updateTestLog(ReusableLibrary.java:211)
	at commons.ReusableLibrary.enterText(ReusableLibrary.java:52)
	at pages.pageFunctions.MasterPage.searchByProductName(MasterPage.java:66)
	at executeTests.FlipkartTest.getProductResults(FlipkartTest.java:66)
	at sun.reflect.NativeMethodAccessorImpl.invoke0(Native Method)
	at sun.reflect.NativeMethodAccessorImpl.invoke(NativeMethodAccessorImpl.java:62)
	at sun.reflect.DelegatingMethodAccessorImpl.invoke(DelegatingMethodAccessorImpl.java:43)
	at java.lang.reflect.Method.invoke(Method.java:498)
	at org.testng.internal.MethodInvocationHelper.invokeMethod(MethodInvocationHelper.java:80)
	at org.testng.internal.Invoker.invokeMethod(Invoker.java:714)
	at org.testng.internal.Invoker.invokeTestMethod(Invoker.java:901)
	at org.testng.internal.Invoker.invokeTestMethods(Invoker.java:1231)
	at org.testng.internal.TestMethodWorker.invokeTestMethods(TestMethodWorker.java:127)
	at org.testng.internal.TestMethodWorker.run(TestMethodWorker.java:111)
	at java.util.concurrent.ThreadPoolExecutor.runWorker(ThreadPoolExecutor.java:1142)
	at java.util.concurrent.ThreadPoolExecutor$Worker.run(ThreadPoolExecutor.java:617)
	at java.lang.Thread.run(Thread.java:745)
Caused by: java.net.ConnectException: Failed to connect to localhost/0:0:0:0:0:0:0:1:15358
	at okhttp3.internal.connection.RealConnection.connectSocket(RealConnection.java:247)
	at okhttp3.internal.connection.RealConnection.connect(RealConnection.java:165)
	at okhttp3.internal.connection.StreamAllocation.findConnection(StreamAllocation.java:257)
	at okhttp3.internal.connection.StreamAllocation.findHealthyConnection(StreamAllocation.java:135)
	at okhttp3.internal.connection.StreamAllocation.newStream(StreamAllocation.java:114)
	at okhttp3.internal.connection.ConnectInterceptor.intercept(ConnectInterceptor.java:42)
	at okhttp3.internal.http.RealInterceptorChain.proceed(RealInterceptorChain.java:147)
	at okhttp3.internal.http.RealInterceptorChain.proceed(RealInterceptorChain.java:121)
	at okhttp3.internal.cache.CacheInterceptor.intercept(CacheInterceptor.java:93)
	at okhttp3.internal.http.RealInterceptorChain.proceed(RealInterceptorChain.java:147)
	at okhttp3.internal.http.RealInterceptorChain.proceed(RealInterceptorChain.java:121)
	at okhttp3.internal.http.BridgeInterceptor.intercept(BridgeInterceptor.java:93)
	at okhttp3.internal.http.RealInterceptorChain.proceed(RealInterceptorChain.java:147)
	at okhttp3.internal.http.RetryAndFollowUpInterceptor.intercept(RetryAndFollowUpInterceptor.java:126)
	at okhttp3.internal.http.RealInterceptorChain.proceed(RealInterceptorChain.java:147)
	at okhttp3.internal.http.RealInterceptorChain.proceed(RealInterceptorChain.java:121)
	at okhttp3.RealCall.getResponseWithInterceptorChain(RealCall.java:200)
	at okhttp3.RealCall.execute(RealCall.java:77)
	at org.openqa.selenium.remote.internal.OkHttpClient.execute(OkHttpClient.java:103)
	at org.openqa.selenium.remote.HttpCommandExecutor.execute(HttpCommandExecutor.java:155)
	at org.openqa.selenium.remote.service.DriverCommandExecutor.execute(DriverCommandExecutor.java:83)
	... 21 more
Caused by: java.net.ConnectException: Connection refused: connect
	at java.net.DualStackPlainSocketImpl.waitForConnect(Native Method)
	at java.net.DualStackPlainSocketImpl.socketConnect(DualStackPlainSocketImpl.java:85)
	at java.net.AbstractPlainSocketImpl.doConnect(AbstractPlainSocketImpl.java:350)
	at java.net.AbstractPlainSocketImpl.connectToAddress(AbstractPlainSocketImpl.java:206)
	at java.net.AbstractPlainSocketImpl.connect(AbstractPlainSocketImpl.java:188)
	at java.net.PlainSocketImpl.connect(PlainSocketImpl.java:172)
	at java.net.SocksSocketImpl.connect(SocksSocketImpl.java:392)
	at java.net.Socket.connect(Socket.java:589)
	at okhttp3.internal.platform.Platform.connectSocket(Platform.java:129)
	at okhttp3.internal.connection.RealConnection.connectSocket(RealConnection.java:245)
	... 41 more
</stack-trace>
            </failure>
            <steps/>
            <attachments/>
            <labels>
                <label name="testSuite" value="Suite"/>
                <label name="testGroup" value="FlipkartTest"/>
                <label name="testClass" value="executeTests.FlipkartTest"/>
                <label name="testMethod" value="getProductResults"/>
                <label name="testId" value="TC_002"/>
                <label name="host" value="GokulaKrishnan"/>
                <label name="thread" value="24368@GokulaKrishnan.pool-1-thread-2(13)"/>
            </labels>
        </test-case>
        <test-case start="1607374482169" stop="1607374532753" status="failed">
            <name>sortProduct[TC_001-2]</name>
            <title>To login with Flipkart and search by Product and Buy it</title>
            <description type="text">&lt;p&gt;Step 1: Navigate to Flipkart Web application &lt;/br&gt; Step 2:Login with valid Credentials&lt;/br&gt;Step 3: Search for the Product&lt;/p&gt;Step 4: Navigate to Product details page&lt;/p&gt;Step 5: Buy the Product and confirm payment</description>
            <failure>
                <message>AssertionError: Login Close Button is not clicked in the webpage expected [true] but found [false]</message>
                <stack-trace>java.lang.AssertionError: Login Close Button is not clicked in the webpage expected [true] but found [false]
	at org.testng.Assert.fail(Assert.java:94)
	at org.testng.Assert.failNotEquals(Assert.java:494)
	at org.testng.Assert.assertTrue(Assert.java:42)
	at commons.ReusableLibrary.updateTestLog(ReusableLibrary.java:213)
	at commons.ReusableLibrary.clickElement(ReusableLibrary.java:64)
	at pages.pageFunctions.MasterPage.searchByProductName(MasterPage.java:62)
	at executeTests.FlipkartTest.sortProduct(FlipkartTest.java:45)
	at sun.reflect.NativeMethodAccessorImpl.invoke0(Native Method)
	at sun.reflect.NativeMethodAccessorImpl.invoke(NativeMethodAccessorImpl.java:62)
	at sun.reflect.DelegatingMethodAccessorImpl.invoke(DelegatingMethodAccessorImpl.java:43)
	at java.lang.reflect.Method.invoke(Method.java:498)
	at org.testng.internal.MethodInvocationHelper.invokeMethod(MethodInvocationHelper.java:80)
	at org.testng.internal.Invoker.invokeMethod(Invoker.java:714)
	at org.testng.internal.Invoker.invokeTestMethod(Invoker.java:901)
	at org.testng.internal.TestMethodWithDataProviderMethodWorker.call(TestMethodWithDataProviderMethodWorker.java:73)
	at org.testng.internal.TestMethodWithDataProviderMethodWorker.call(TestMethodWithDataProviderMethodWorker.java:14)
	at java.util.concurrent.FutureTask.run(FutureTask.java:266)
	at java.util.concurrent.Executors$RunnableAdapter.call(Executors.java:511)
	at java.util.concurrent.FutureTask.run(FutureTask.java:266)
	at java.util.concurrent.ThreadPoolExecutor.runWorker(ThreadPoolExecutor.java:1142)
	at java.util.concurrent.ThreadPoolExecutor$Worker.run(ThreadPoolExecutor.java:617)
	at java.lang.Thread.run(Thread.java:745)
</stack-trace>
            </failure>
            <steps/>
            <attachments/>
            <labels>
                <label name="testSuite" value="Suite"/>
                <label name="testGroup" value="FlipkartTest"/>
                <label name="testClass" value="executeTests.FlipkartTest"/>
                <label name="testMethod" value="sortProduct"/>
                <label name="testId" value="TC_001"/>
                <label name="host" value="GokulaKrishnan"/>
                <label name="thread" value="24368@GokulaKrishnan.PoolService-1(15)"/>
            </labels>
        </test-case>
        <test-case start="1607374482171" stop="1607374530414" status="passed">
            <name>sortProduct[TC_001-1]</name>
            <title>To login with Flipkart and search by Product and Buy it</title>
            <description type="text">&lt;p&gt;Step 1: Navigate to Flipkart Web application &lt;/br&gt; Step 2:Login with valid Credentials&lt;/br&gt;Step 3: Search for the Product&lt;/p&gt;Step 4: Navigate to Product details page&lt;/p&gt;Step 5: Buy the Product and confirm payment</description>
            <steps/>
            <attachments/>
            <labels>
                <label name="testSuite" value="Suite"/>
                <label name="testGroup" value="FlipkartTest"/>
                <label name="testClass" value="executeTests.FlipkartTest"/>
                <label name="testMethod" value="sortProduct"/>
                <label name="testId" value="TC_001"/>
                <label name="host" value="GokulaKrishnan"/>
                <label name="thread" value="24368@GokulaKrishnan.PoolService-0(14)"/>
            </labels>
        </test-case>
        <test-case start="1607374482169" stop="1607374532753" status="failed">
            <name>sortProduct[TC_001-2]</name>
            <title>To login with Flipkart and search by Product and Buy it</title>
            <description type="text">&lt;p&gt;Step 1: Navigate to Flipkart Web application &lt;/br&gt; Step 2:Login with valid Credentials&lt;/br&gt;Step 3: Search for the Product&lt;/p&gt;Step 4: Navigate to Product details page&lt;/p&gt;Step 5: Buy the Product and confirm payment</description>
            <failure>
                <message>AssertionError: Login Close Button is not clicked in the webpage expected [true] but found [false]</message>
                <stack-trace>java.lang.AssertionError: Login Close Button is not clicked in the webpage expected [true] but found [false]
	at org.testng.Assert.fail(Assert.java:94)
	at org.testng.Assert.failNotEquals(Assert.java:494)
	at org.testng.Assert.assertTrue(Assert.java:42)
	at commons.ReusableLibrary.updateTestLog(ReusableLibrary.java:213)
	at commons.ReusableLibrary.clickElement(ReusableLibrary.java:64)
	at pages.pageFunctions.MasterPage.searchByProductName(MasterPage.java:62)
	at executeTests.FlipkartTest.sortProduct(FlipkartTest.java:45)
	at sun.reflect.NativeMethodAccessorImpl.invoke0(Native Method)
	at sun.reflect.NativeMethodAccessorImpl.invoke(NativeMethodAccessorImpl.java:62)
	at sun.reflect.DelegatingMethodAccessorImpl.invoke(DelegatingMethodAccessorImpl.java:43)
	at java.lang.reflect.Method.invoke(Method.java:498)
	at org.testng.internal.MethodInvocationHelper.invokeMethod(MethodInvocationHelper.java:80)
	at org.testng.internal.Invoker.invokeMethod(Invoker.java:714)
	at org.testng.internal.Invoker.invokeTestMethod(Invoker.java:901)
	at org.testng.internal.TestMethodWithDataProviderMethodWorker.call(TestMethodWithDataProviderMethodWorker.java:73)
	at org.testng.internal.TestMethodWithDataProviderMethodWorker.call(TestMethodWithDataProviderMethodWorker.java:14)
	at java.util.concurrent.FutureTask.run(FutureTask.java:266)
	at java.util.concurrent.Executors$RunnableAdapter.call(Executors.java:511)
	at java.util.concurrent.FutureTask.run(FutureTask.java:266)
	at java.util.concurrent.ThreadPoolExecutor.runWorker(ThreadPoolExecutor.java:1142)
	at java.util.concurrent.ThreadPoolExecutor$Worker.run(ThreadPoolExecutor.java:617)
	at java.lang.Thread.run(Thread.java:745)
</stack-trace>
            </failure>
            <steps/>
            <attachments/>
            <labels>
                <label name="testSuite" value="Suite"/>
                <label name="testGroup" value="FlipkartTest"/>
                <label name="testClass" value="executeTests.FlipkartTest"/>
                <label name="testMethod" value="sortProduct"/>
                <label name="testId" value="TC_001"/>
                <label name="host" value="GokulaKrishnan"/>
                <label name="thread" value="24368@GokulaKrishnan.PoolService-1(15)"/>
            </labels>
        </test-case>
        <test-case start="1607374482171" stop="1607374530414" status="passed">
            <name>sortProduct[TC_001-1]</name>
            <title>To login with Flipkart and search by Product and Buy it</title>
            <description type="text">&lt;p&gt;Step 1: Navigate to Flipkart Web application &lt;/br&gt; Step 2:Login with valid Credentials&lt;/br&gt;Step 3: Search for the Product&lt;/p&gt;Step 4: Navigate to Product details page&lt;/p&gt;Step 5: Buy the Product and confirm payment</description>
            <steps/>
            <attachments/>
            <labels>
                <label name="testSuite" value="Suite"/>
                <label name="testGroup" value="FlipkartTest"/>
                <label name="testClass" value="executeTests.FlipkartTest"/>
                <label name="testMethod" value="sortProduct"/>
                <label name="testId" value="TC_001"/>
                <label name="host" value="GokulaKrishnan"/>
                <label name="thread" value="24368@GokulaKrishnan.PoolService-0(14)"/>
            </labels>
        </test-case>
        <test-case start="1607374482173" stop="1607374536277" status="broken">
            <name>getProductResults</name>
            <title>To login with Flipkart and search by Product and Buy it</title>
            <description type="text">&lt;p&gt;Step 1: Navigate to Flipkart Web application &lt;/br&gt; Step 2:Login with valid Credentials&lt;/br&gt;Step 3: Search for the Product&lt;/p&gt;Step 4: Navigate to Product details page&lt;/p&gt;Step 5: Buy the Product and confirm payment</description>
            <failure>
                <message>WebDriverException: java.net.ConnectException: Failed to connect to localhost/0:0:0:0:0:0:0:1:15358
Build info: version: '3.141.59', revision: 'e82be7d358', time: '2018-11-14T08:17:03'
System info: host: 'GOKULAKRISHNAN', ip: '192.168.43.106', os.name: 'Windows 10', os.arch: 'amd64', os.version: '10.0', java.version: '1.8.0_111'
Driver info: driver.version: RemoteWebDriver</message>
                <stack-trace>org.openqa.selenium.WebDriverException: java.net.ConnectException: Failed to connect to localhost/0:0:0:0:0:0:0:1:15358
Build info: version: '3.141.59', revision: 'e82be7d358', time: '2018-11-14T08:17:03'
System info: host: 'GOKULAKRISHNAN', ip: '192.168.43.106', os.name: 'Windows 10', os.arch: 'amd64', os.version: '10.0', java.version: '1.8.0_111'
Driver info: driver.version: RemoteWebDriver
	at org.openqa.selenium.remote.service.DriverCommandExecutor.execute(DriverCommandExecutor.java:92)
	at org.openqa.selenium.remote.RemoteWebDriver.execute(RemoteWebDriver.java:552)
	at org.openqa.selenium.remote.RemoteWebDriver.execute(RemoteWebDriver.java:609)
	at org.openqa.selenium.remote.RemoteWebDriver.getScreenshotAs(RemoteWebDriver.java:295)
	at commons.ReusableLibrary.takeScreenshot(ReusableLibrary.java:143)
	at commons.ReusableLibrary.updateTestLog(ReusableLibrary.java:211)
	at commons.ReusableLibrary.enterText(ReusableLibrary.java:52)
	at pages.pageFunctions.MasterPage.searchByProductName(MasterPage.java:66)
	at executeTests.FlipkartTest.getProductResults(FlipkartTest.java:66)
	at sun.reflect.NativeMethodAccessorImpl.invoke0(Native Method)
	at sun.reflect.NativeMethodAccessorImpl.invoke(NativeMethodAccessorImpl.java:62)
	at sun.reflect.DelegatingMethodAccessorImpl.invoke(DelegatingMethodAccessorImpl.java:43)
	at java.lang.reflect.Method.invoke(Method.java:498)
	at org.testng.internal.MethodInvocationHelper.invokeMethod(MethodInvocationHelper.java:80)
	at org.testng.internal.Invoker.invokeMethod(Invoker.java:714)
	at org.testng.internal.Invoker.invokeTestMethod(Invoker.java:901)
	at org.testng.internal.Invoker.invokeTestMethods(Invoker.java:1231)
	at org.testng.internal.TestMethodWorker.invokeTestMethods(TestMethodWorker.java:127)
	at org.testng.internal.TestMethodWorker.run(TestMethodWorker.java:111)
	at java.util.concurrent.ThreadPoolExecutor.runWorker(ThreadPoolExecutor.java:1142)
	at java.util.concurrent.ThreadPoolExecutor$Worker.run(ThreadPoolExecutor.java:617)
	at java.lang.Thread.run(Thread.java:745)
Caused by: java.net.ConnectException: Failed to connect to localhost/0:0:0:0:0:0:0:1:15358
	at okhttp3.internal.connection.RealConnection.connectSocket(RealConnection.java:247)
	at okhttp3.internal.connection.RealConnection.connect(RealConnection.java:165)
	at okhttp3.internal.connection.StreamAllocation.findConnection(StreamAllocation.java:257)
	at okhttp3.internal.connection.StreamAllocation.findHealthyConnection(StreamAllocation.java:135)
	at okhttp3.internal.connection.StreamAllocation.newStream(StreamAllocation.java:114)
	at okhttp3.internal.connection.ConnectInterceptor.intercept(ConnectInterceptor.java:42)
	at okhttp3.internal.http.RealInterceptorChain.proceed(RealInterceptorChain.java:147)
	at okhttp3.internal.http.RealInterceptorChain.proceed(RealInterceptorChain.java:121)
	at okhttp3.internal.cache.CacheInterceptor.intercept(CacheInterceptor.java:93)
	at okhttp3.internal.http.RealInterceptorChain.proceed(RealInterceptorChain.java:147)
	at okhttp3.internal.http.RealInterceptorChain.proceed(RealInterceptorChain.java:121)
	at okhttp3.internal.http.BridgeInterceptor.intercept(BridgeInterceptor.java:93)
	at okhttp3.internal.http.RealInterceptorChain.proceed(RealInterceptorChain.java:147)
	at okhttp3.internal.http.RetryAndFollowUpInterceptor.intercept(RetryAndFollowUpInterceptor.java:126)
	at okhttp3.internal.http.RealInterceptorChain.proceed(RealInterceptorChain.java:147)
	at okhttp3.internal.http.RealInterceptorChain.proceed(RealInterceptorChain.java:121)
	at okhttp3.RealCall.getResponseWithInterceptorChain(RealCall.java:200)
	at okhttp3.RealCall.execute(RealCall.java:77)
	at org.openqa.selenium.remote.internal.OkHttpClient.execute(OkHttpClient.java:103)
	at org.openqa.selenium.remote.HttpCommandExecutor.execute(HttpCommandExecutor.java:155)
	at org.openqa.selenium.remote.service.DriverCommandExecutor.execute(DriverCommandExecutor.java:83)
	... 21 more
Caused by: java.net.ConnectException: Connection refused: connect
	at java.net.DualStackPlainSocketImpl.waitForConnect(Native Method)
	at java.net.DualStackPlainSocketImpl.socketConnect(DualStackPlainSocketImpl.java:85)
	at java.net.AbstractPlainSocketImpl.doConnect(AbstractPlainSocketImpl.java:350)
	at java.net.AbstractPlainSocketImpl.connectToAddress(AbstractPlainSocketImpl.java:206)
	at java.net.AbstractPlainSocketImpl.connect(AbstractPlainSocketImpl.java:188)
	at java.net.PlainSocketImpl.connect(PlainSocketImpl.java:172)
	at java.net.SocksSocketImpl.connect(SocksSocketImpl.java:392)
	at java.net.Socket.connect(Socket.java:589)
	at okhttp3.internal.platform.Platform.connectSocket(Platform.java:129)
	at okhttp3.internal.connection.RealConnection.connectSocket(RealConnection.java:245)
	... 41 more
</stack-trace>
            </failure>
            <steps/>
            <attachments/>
            <labels>
                <label name="testSuite" value="Suite"/>
                <label name="testGroup" value="FlipkartTest"/>
                <label name="testClass" value="executeTests.FlipkartTest"/>
                <label name="testMethod" value="getProductResults"/>
                <label name="testId" value="TC_002"/>
                <label name="host" value="GokulaKrishnan"/>
                <label name="thread" value="24368@GokulaKrishnan.pool-1-thread-2(13)"/>
            </labels>
        </test-case>
    </test-cases>
    <labels>
        <label name="framework" value="TestNG"/>
        <label name="language" value="JAVA"/>
    </labels>
</ns2:test-suite>
